<?xml version="1.0" encoding="UTF-8"?>
<testsuite name="com.advanced.java.database.homework.CourseServiceTest" tests="1" skipped="0" failures="0" errors="0" timestamp="2022-12-15T01:31:22" hostname="DESKTOP-HESHOHE" time="0.021">
  <properties/>
  <testcase name="update_Course_updatesTheCourseInTheDataBase()" classname="com.advanced.java.database.homework.CourseServiceTest" time="0.021"/>
  <system-out><![CDATA[20:31:19.640 [Test worker] DEBUG org.springframework.test.context.BootstrapUtils - Instantiating CacheAwareContextLoaderDelegate from class [org.springframework.test.context.cache.DefaultCacheAwareContextLoaderDelegate]
20:31:19.647 [Test worker] DEBUG org.springframework.test.context.BootstrapUtils - Instantiating BootstrapContext using constructor [public org.springframework.test.context.support.DefaultBootstrapContext(java.lang.Class,org.springframework.test.context.CacheAwareContextLoaderDelegate)]
20:31:19.665 [Test worker] DEBUG org.springframework.test.context.BootstrapUtils - Instantiating TestContextBootstrapper for test class [com.advanced.java.database.homework.CourseServiceTest] from class [org.springframework.boot.test.context.SpringBootTestContextBootstrapper]
20:31:19.672 [Test worker] INFO org.springframework.boot.test.context.SpringBootTestContextBootstrapper - Neither @ContextConfiguration nor @ContextHierarchy found for test class [com.advanced.java.database.homework.CourseServiceTest], using SpringBootContextLoader
20:31:19.674 [Test worker] DEBUG org.springframework.test.context.support.AbstractContextLoader - Did not detect default resource location for test class [com.advanced.java.database.homework.CourseServiceTest]: class path resource [com/advanced/java/database/homework/CourseServiceTest-context.xml] does not exist
20:31:19.674 [Test worker] DEBUG org.springframework.test.context.support.AbstractContextLoader - Did not detect default resource location for test class [com.advanced.java.database.homework.CourseServiceTest]: class path resource [com/advanced/java/database/homework/CourseServiceTestContext.groovy] does not exist
20:31:19.674 [Test worker] INFO org.springframework.test.context.support.AbstractContextLoader - Could not detect default resource locations for test class [com.advanced.java.database.homework.CourseServiceTest]: no resource found for suffixes {-context.xml, Context.groovy}.
20:31:19.674 [Test worker] INFO org.springframework.test.context.support.AnnotationConfigContextLoaderUtils - Could not detect default configuration classes for test class [com.advanced.java.database.homework.CourseServiceTest]: CourseServiceTest does not declare any static, non-private, non-final, nested classes annotated with @Configuration.
20:31:19.696 [Test worker] DEBUG org.springframework.test.context.support.ActiveProfilesUtils - Could not find an 'annotation declaring class' for annotation type [org.springframework.test.context.ActiveProfiles] and class [com.advanced.java.database.homework.CourseServiceTest]
20:31:19.729 [Test worker] DEBUG org.springframework.context.annotation.ClassPathScanningCandidateComponentProvider - Identified candidate component class: file [C:\Users\hisha\JavaProjects\database-homework\build\classes\java\main\com\advanced\java\database\homework\Application.class]
20:31:19.730 [Test worker] INFO org.springframework.boot.test.context.SpringBootTestContextBootstrapper - Found @SpringBootConfiguration com.advanced.java.database.homework.Application for test class com.advanced.java.database.homework.CourseServiceTest
20:31:19.786 [Test worker] DEBUG org.springframework.boot.test.context.SpringBootTestContextBootstrapper - @TestExecutionListeners is not present for class [com.advanced.java.database.homework.CourseServiceTest]: using defaults.
20:31:19.787 [Test worker] INFO org.springframework.boot.test.context.SpringBootTestContextBootstrapper - Loaded default TestExecutionListener class names from location [META-INF/spring.factories]: [org.springframework.boot.test.autoconfigure.restdocs.RestDocsTestExecutionListener, org.springframework.boot.test.autoconfigure.web.client.MockRestServiceServerResetTestExecutionListener, org.springframework.boot.test.autoconfigure.web.servlet.MockMvcPrintOnlyOnFailureTestExecutionListener, org.springframework.boot.test.autoconfigure.web.servlet.WebDriverTestExecutionListener, org.springframework.boot.test.autoconfigure.webservices.client.MockWebServiceServerTestExecutionListener, org.springframework.boot.test.mock.mockito.MockitoTestExecutionListener, org.springframework.boot.test.mock.mockito.ResetMocksTestExecutionListener, org.springframework.test.context.web.ServletTestExecutionListener, org.springframework.test.context.support.DirtiesContextBeforeModesTestExecutionListener, org.springframework.test.context.event.ApplicationEventsTestExecutionListener, org.springframework.test.context.support.DependencyInjectionTestExecutionListener, org.springframework.test.context.support.DirtiesContextTestExecutionListener, org.springframework.test.context.transaction.TransactionalTestExecutionListener, org.springframework.test.context.jdbc.SqlScriptsTestExecutionListener, org.springframework.test.context.event.EventPublishingTestExecutionListener]
20:31:19.795 [Test worker] INFO org.springframework.boot.test.context.SpringBootTestContextBootstrapper - Using TestExecutionListeners: [org.springframework.test.context.web.ServletTestExecutionListener@2ce86164, org.springframework.test.context.support.DirtiesContextBeforeModesTestExecutionListener@5e8f9e2d, org.springframework.test.context.event.ApplicationEventsTestExecutionListener@51df223b, org.springframework.boot.test.mock.mockito.MockitoTestExecutionListener@fd46303, org.springframework.boot.test.autoconfigure.SpringBootDependencyInjectionTestExecutionListener@60d8c0dc, org.springframework.test.context.support.DirtiesContextTestExecutionListener@4204541c, org.springframework.test.context.transaction.TransactionalTestExecutionListener@6a62689d, org.springframework.test.context.jdbc.SqlScriptsTestExecutionListener@4602c2a9, org.springframework.test.context.event.EventPublishingTestExecutionListener@60fa3495, org.springframework.boot.test.autoconfigure.restdocs.RestDocsTestExecutionListener@3e2822, org.springframework.boot.test.autoconfigure.web.client.MockRestServiceServerResetTestExecutionListener@79e18e38, org.springframework.boot.test.autoconfigure.web.servlet.MockMvcPrintOnlyOnFailureTestExecutionListener@29a60c27, org.springframework.boot.test.autoconfigure.web.servlet.WebDriverTestExecutionListener@1849db1a, org.springframework.boot.test.autoconfigure.webservices.client.MockWebServiceServerTestExecutionListener@69c79f09, org.springframework.boot.test.mock.mockito.ResetMocksTestExecutionListener@1ca25c47]
20:31:19.797 [Test worker] DEBUG org.springframework.test.context.support.AbstractDirtiesContextTestExecutionListener - Before test class: context [DefaultTestContext@7c22d4f testClass = CourseServiceTest, testInstance = [null], testMethod = [null], testException = [null], mergedContextConfiguration = [WebMergedContextConfiguration@5f59185e testClass = CourseServiceTest, locations = '{}', classes = '{class com.advanced.java.database.homework.Application}', contextInitializerClasses = '[]', activeProfiles = '{}', propertySourceLocations = '{}', propertySourceProperties = '{org.springframework.boot.test.context.SpringBootTestContextBootstrapper=true}', contextCustomizers = set[org.springframework.boot.test.autoconfigure.actuate.metrics.MetricsExportContextCustomizerFactory$DisableMetricExportContextCustomizer@4fad9bb2, org.springframework.boot.test.autoconfigure.properties.PropertyMappingContextCustomizer@0, org.springframework.boot.test.autoconfigure.web.servlet.WebDriverContextCustomizerFactory$Customizer@2e2ff723, org.springframework.boot.test.context.filter.ExcludeFilterContextCustomizer@17aad511, org.springframework.boot.test.json.DuplicateJsonObjectContextCustomizerFactory$DuplicateJsonObjectContextCustomizer@4612b856, org.springframework.boot.test.mock.mockito.MockitoContextCustomizer@0, org.springframework.boot.test.web.client.TestRestTemplateContextCustomizer@6d3c5255, org.springframework.boot.test.context.SpringBootTestArgs@1, org.springframework.boot.test.context.SpringBootTestWebEnvironment@4d5b6aac], resourceBasePath = 'src/main/webapp', contextLoader = 'org.springframework.boot.test.context.SpringBootContextLoader', parent = [null]], attributes = map['org.springframework.test.context.web.ServletTestExecutionListener.activateListener' -> true]], class annotated with @DirtiesContext [false] with mode [null].

  .   ____          _            __ _ _
 /\\ / ___'_ __ _ _(_)_ __  __ _ \ \ \ \
( ( )\___ | '_ | '_| | '_ \/ _` | \ \ \ \
 \\/  ___)| |_)| | | | | || (_| |  ) ) ) )
  '  |____| .__|_| |_|_| |_\__, | / / / /
 =========|_|==============|___/=/_/_/_/
 :: Spring Boot ::                (v2.7.5)

2022-12-14 20:31:19.953  INFO 27072 --- [    Test worker] c.a.j.d.homework.CourseServiceTest       : Starting CourseServiceTest using Java 17.0.2 on DESKTOP-HeshoHesho with PID 27072 (started by hisha in C:\Users\hisha\JavaProjects\database-homework)
2022-12-14 20:31:19.953  INFO 27072 --- [    Test worker] c.a.j.d.homework.CourseServiceTest       : No active profile set, falling back to 1 default profile: "default"
2022-12-14 20:31:20.306  INFO 27072 --- [    Test worker] .s.d.r.c.RepositoryConfigurationDelegate : Bootstrapping Spring Data JPA repositories in DEFAULT mode.
2022-12-14 20:31:20.338  INFO 27072 --- [    Test worker] .s.d.r.c.RepositoryConfigurationDelegate : Finished Spring Data repository scanning in 27 ms. Found 3 JPA repository interfaces.
2022-12-14 20:31:20.626  INFO 27072 --- [    Test worker] com.zaxxer.hikari.HikariDataSource       : HikariPool-1 - Starting...
2022-12-14 20:31:20.740  INFO 27072 --- [    Test worker] com.zaxxer.hikari.HikariDataSource       : HikariPool-1 - Start completed.
2022-12-14 20:31:20.778  INFO 27072 --- [    Test worker] o.hibernate.jpa.internal.util.LogHelper  : HHH000204: Processing PersistenceUnitInfo [name: default]
2022-12-14 20:31:20.812  INFO 27072 --- [    Test worker] org.hibernate.Version                    : HHH000412: Hibernate ORM core version 5.6.12.Final
2022-12-14 20:31:20.916  INFO 27072 --- [    Test worker] o.hibernate.annotations.common.Version   : HCANN000001: Hibernate Commons Annotations {5.1.2.Final}
2022-12-14 20:31:20.999  INFO 27072 --- [    Test worker] org.hibernate.dialect.Dialect            : HHH000400: Using dialect: org.hibernate.dialect.H2Dialect
2022-12-14 20:31:21.335  INFO 27072 --- [    Test worker] o.h.e.t.j.p.i.JtaPlatformInitiator       : HHH000490: Using JtaPlatform implementation: [org.hibernate.engine.transaction.jta.platform.internal.NoJtaPlatform]
2022-12-14 20:31:21.338  INFO 27072 --- [    Test worker] j.LocalContainerEntityManagerFactoryBean : Initialized JPA EntityManagerFactory for persistence unit 'default'
2022-12-14 20:31:21.652  WARN 27072 --- [    Test worker] JpaBaseConfiguration$JpaWebConfiguration : spring.jpa.open-in-view is enabled by default. Therefore, database queries may be performed during view rendering. Explicitly configure spring.jpa.open-in-view to disable this warning
2022-12-14 20:31:22.030  INFO 27072 --- [    Test worker] c.a.j.d.homework.CourseServiceTest       : Started CourseServiceTest in 2.212 seconds (JVM running for 2.849)
com.advanced.java.database.homework.entities.Student@44f338ec
com.advanced.java.database.homework.entities.Course@4244e477
com.advanced.java.database.homework.entities.Instructor@2e76d0d3
]]></system-out>
  <system-err><![CDATA[]]></system-err>
</testsuite>
